<?xml version="1.0" encoding="UTF-8"?>
<!-- Generated by org.testng.reporters.JUnitReportReporter -->
<testsuite hostname="Bhagyashri" failures="0" tests="1" name="com.testingshastraetsy.sign.SignIn" time="35.156" errors="0" timestamp="2023-02-16T19:50:57 IST" skipped="0">
  <testcase classname="com.testingshastraetsy.sign.SignIn" name="registratioFunctionality" time="35.156"/>
  <system-out/>
</testsuite> <!-- com.testingshastraetsy.sign.SignIn -->
